<?xml version="1.0" encoding="UTF-8"?>
<testsuite name="htw.webtech.habit_tracker.HabitRepositoryTest" tests="8" skipped="0" failures="0" errors="0" timestamp="2025-12-25T12:30:48.013Z" hostname="MacBookPro" time="0.11">
  <properties/>
  <testcase name="update_shouldModifyExistingHabit()" classname="htw.webtech.habit_tracker.HabitRepositoryTest" time="0.059"/>
  <testcase name="findAll_shouldReturnAllHabits()" classname="htw.webtech.habit_tracker.HabitRepositoryTest" time="0.014"/>
  <testcase name="findById_shouldReturnHabit_whenExists()" classname="htw.webtech.habit_tracker.HabitRepositoryTest" time="0.006"/>
  <testcase name="existsById_shouldReturnFalse_whenNotExists()" classname="htw.webtech.habit_tracker.HabitRepositoryTest" time="0.006"/>
  <testcase name="existsById_shouldReturnTrue_whenExists()" classname="htw.webtech.habit_tracker.HabitRepositoryTest" time="0.005"/>
  <testcase name="save_shouldPersistHabit()" classname="htw.webtech.habit_tracker.HabitRepositoryTest" time="0.007"/>
  <testcase name="findById_shouldReturnEmpty_whenNotExists()" classname="htw.webtech.habit_tracker.HabitRepositoryTest" time="0.004"/>
  <testcase name="delete_shouldRemoveHabit()" classname="htw.webtech.habit_tracker.HabitRepositoryTest" time="0.005"/>
  <system-out><![CDATA[2025-12-25T13:30:47.360+01:00  INFO 80876 --- [    Test worker] t.c.s.AnnotationConfigContextLoaderUtils : Could not detect default configuration classes for test class [htw.webtech.habit_tracker.HabitRepositoryTest]: HabitRepositoryTest does not declare any static, non-private, non-final, nested classes annotated with @Configuration.
2025-12-25T13:30:47.376+01:00  INFO 80876 --- [    Test worker] .b.t.c.SpringBootTestContextBootstrapper : Found @SpringBootConfiguration htw.webtech.habit_tracker.HabitTrackerApplication for test class htw.webtech.habit_tracker.HabitRepositoryTest

  .   ____          _            __ _ _
 /\\ / ___'_ __ _ _(_)_ __  __ _ \ \ \ \
( ( )\___ | '_ | '_| | '_ \/ _` | \ \ \ \
 \\/  ___)| |_)| | | | | || (_| |  ) ) ) )
  '  |____| .__|_| |_|_| |_\__, | / / / /
 =========|_|==============|___/=/_/_/_/

 :: Spring Boot ::                (v3.5.6)

2025-12-25T13:30:47.414+01:00  INFO 80876 --- [    Test worker] h.w.habit_tracker.HabitRepositoryTest    : Starting HabitRepositoryTest using Java 21.0.6 with PID 80876 (started by yunusschultze in /Users/yunusschultze/Desktop/habit-tracker-backend)
2025-12-25T13:30:47.415+01:00  INFO 80876 --- [    Test worker] h.w.habit_tracker.HabitRepositoryTest    : No active profile set, falling back to 1 default profile: "default"
2025-12-25T13:30:47.549+01:00  INFO 80876 --- [    Test worker] .s.d.r.c.RepositoryConfigurationDelegate : Bootstrapping Spring Data JPA repositories in DEFAULT mode.
2025-12-25T13:30:47.746+01:00  INFO 80876 --- [    Test worker] .s.d.r.c.RepositoryConfigurationDelegate : Finished Spring Data repository scanning in 132 ms. Found 2 JPA repository interfaces.
2025-12-25T13:30:47.842+01:00  INFO 80876 --- [    Test worker] beddedDataSourceBeanFactoryPostProcessor : Replacing 'dataSource' DataSource bean with embedded version
2025-12-25T13:30:47.879+01:00  INFO 80876 --- [    Test worker] o.s.j.d.e.EmbeddedDatabaseFactory        : Starting embedded database: url='jdbc:h2:mem:1271cfe9-b5c1-48bb-b92c-2549a7f64907;DB_CLOSE_DELAY=-1;DB_CLOSE_ON_EXIT=false', username='sa'
2025-12-25T13:30:47.899+01:00  INFO 80876 --- [    Test worker] o.hibernate.jpa.internal.util.LogHelper  : HHH000204: Processing PersistenceUnitInfo [name: default]
2025-12-25T13:30:47.902+01:00  INFO 80876 --- [    Test worker] o.h.c.internal.RegionFactoryInitiator    : HHH000026: Second-level cache disabled
2025-12-25T13:30:47.912+01:00  INFO 80876 --- [    Test worker] o.s.o.j.p.SpringPersistenceUnitInfo      : No LoadTimeWeaver setup: ignoring JPA class transformer
2025-12-25T13:30:47.914+01:00  WARN 80876 --- [    Test worker] org.hibernate.orm.deprecation            : HHH90000025: H2Dialect does not need to be specified explicitly using 'hibernate.dialect' (remove the property setting and it will be selected by default)
2025-12-25T13:30:47.916+01:00  INFO 80876 --- [    Test worker] org.hibernate.orm.connections.pooling    : HHH10001005: Database info:
	Database JDBC URL [Connecting through datasource 'org.springframework.jdbc.datasource.embedded.EmbeddedDatabaseFactory$EmbeddedDataSourceProxy@310ad792']
	Database driver: undefined/unknown
	Database version: 2.3.232
	Autocommit mode: undefined/unknown
	Isolation level: undefined/unknown
	Minimum pool size: undefined/unknown
	Maximum pool size: undefined/unknown
2025-12-25T13:30:47.954+01:00  INFO 80876 --- [    Test worker] o.h.e.t.j.p.i.JtaPlatformInitiator       : HHH000489: No JTA platform available (set 'hibernate.transaction.jta.platform' to enable JTA platform integration)
Hibernate: drop table if exists habit cascade 
Hibernate: drop table if exists habit_entry cascade 
Hibernate: create table habit (created_at date, target_per_week integer, id bigint generated by default as identity, color varchar(255), description varchar(255), icon varchar(255), name varchar(255) not null, type VARCHAR(20) DEFAULT 'DAILY' not null, primary key (id))
Hibernate: create table habit_entry (completed boolean not null, date date not null, habit_id bigint not null, id bigint generated by default as identity, primary key (id), unique (habit_id, date))
Hibernate: alter table if exists habit_entry add constraint FKtqjhi1tbi34iul2fv6qby3rtf foreign key (habit_id) references habit
2025-12-25T13:30:47.962+01:00  INFO 80876 --- [    Test worker] j.LocalContainerEntityManagerFactoryBean : Initialized JPA EntityManagerFactory for persistence unit 'default'
2025-12-25T13:30:48.011+01:00  INFO 80876 --- [    Test worker] h.w.habit_tracker.HabitRepositoryTest    : Started HabitRepositoryTest in 0.629 seconds (process running for 9.181)
Hibernate: select h1_0.id,h1_0.color,h1_0.created_at,h1_0.description,h1_0.icon,h1_0.name,h1_0.target_per_week,h1_0.type from habit h1_0
Hibernate: insert into habit (color,created_at,description,icon,name,target_per_week,type,id) values (?,?,?,?,?,?,?,default)
Hibernate: select h1_0.id,h1_0.color,h1_0.created_at,h1_0.description,h1_0.icon,h1_0.name,h1_0.target_per_week,h1_0.type from habit h1_0
Hibernate: insert into habit (color,created_at,description,icon,name,target_per_week,type,id) values (?,?,?,?,?,?,?,default)
Hibernate: insert into habit (color,created_at,description,icon,name,target_per_week,type,id) values (?,?,?,?,?,?,?,default)
Hibernate: insert into habit (color,created_at,description,icon,name,target_per_week,type,id) values (?,?,?,?,?,?,?,default)
Hibernate: select h1_0.id,h1_0.color,h1_0.created_at,h1_0.description,h1_0.icon,h1_0.name,h1_0.target_per_week,h1_0.type from habit h1_0
Hibernate: select h1_0.id,h1_0.color,h1_0.created_at,h1_0.description,h1_0.icon,h1_0.name,h1_0.target_per_week,h1_0.type from habit h1_0
Hibernate: insert into habit (color,created_at,description,icon,name,target_per_week,type,id) values (?,?,?,?,?,?,?,default)
Hibernate: select h1_0.id,h1_0.color,h1_0.created_at,h1_0.description,h1_0.icon,h1_0.name,h1_0.target_per_week,h1_0.type from habit h1_0
Hibernate: select count(*) from habit h1_0 where h1_0.id=?
Hibernate: select h1_0.id,h1_0.color,h1_0.created_at,h1_0.description,h1_0.icon,h1_0.name,h1_0.target_per_week,h1_0.type from habit h1_0
Hibernate: insert into habit (color,created_at,description,icon,name,target_per_week,type,id) values (?,?,?,?,?,?,?,default)
Hibernate: select count(*) from habit h1_0 where h1_0.id=?
Hibernate: select h1_0.id,h1_0.color,h1_0.created_at,h1_0.description,h1_0.icon,h1_0.name,h1_0.target_per_week,h1_0.type from habit h1_0
Hibernate: insert into habit (color,created_at,description,icon,name,target_per_week,type,id) values (?,?,?,?,?,?,?,default)
Hibernate: select h1_0.id,h1_0.color,h1_0.created_at,h1_0.description,h1_0.icon,h1_0.name,h1_0.target_per_week,h1_0.type from habit h1_0
Hibernate: select h1_0.id,h1_0.color,h1_0.created_at,h1_0.description,h1_0.icon,h1_0.name,h1_0.target_per_week,h1_0.type from habit h1_0 where h1_0.id=?
Hibernate: select h1_0.id,h1_0.color,h1_0.created_at,h1_0.description,h1_0.icon,h1_0.name,h1_0.target_per_week,h1_0.type from habit h1_0
Hibernate: insert into habit (color,created_at,description,icon,name,target_per_week,type,id) values (?,?,?,?,?,?,?,default)
]]></system-out>
  <system-err><![CDATA[]]></system-err>
</testsuite>
