<?xml version="1.0" encoding="UTF-8"?>
<testsuite name="htw.webtech.habit_tracker.HabitControllerTest" tests="11" skipped="0" failures="0" errors="0" timestamp="2025-12-25T12:30:45.420Z" hostname="MacBookPro" time="1.658">
  <properties/>
  <testcase name="createHabit_shouldCreateAndReturnHabit()" classname="htw.webtech.habit_tracker.HabitControllerTest" time="1.097"/>
  <testcase name="updateHabit_shouldUpdateAndReturnHabit()" classname="htw.webtech.habit_tracker.HabitControllerTest" time="0.054"/>
  <testcase name="createHabit_shouldSetDefaultValues()" classname="htw.webtech.habit_tracker.HabitControllerTest" time="0.009"/>
  <testcase name="deleteHabit_shouldDeleteAndReturnOk()" classname="htw.webtech.habit_tracker.HabitControllerTest" time="0.361"/>
  <testcase name="deleteHabit_shouldReturn404_whenNotExists()" classname="htw.webtech.habit_tracker.HabitControllerTest" time="0.007"/>
  <testcase name="getHabits_shouldReturnAllHabits()" classname="htw.webtech.habit_tracker.HabitControllerTest" time="0.035"/>
  <testcase name="updateHabit_shouldReturn404_whenNotExists()" classname="htw.webtech.habit_tracker.HabitControllerTest" time="0.018"/>
  <testcase name="getHabit_shouldReturnHabit_whenExists()" classname="htw.webtech.habit_tracker.HabitControllerTest" time="0.026"/>
  <testcase name="getHabit_shouldReturn404_whenNotExists()" classname="htw.webtech.habit_tracker.HabitControllerTest" time="0.01"/>
  <testcase name="getHabits_shouldReturnEmptyList_whenNoHabitsExist()" classname="htw.webtech.habit_tracker.HabitControllerTest" time="0.022"/>
  <testcase name="createHabit_shouldReturnBadRequest_whenNameMissing()" classname="htw.webtech.habit_tracker.HabitControllerTest" time="0.008"/>
  <system-out><![CDATA[13:30:39.837 [Test worker] INFO org.springframework.test.context.support.AnnotationConfigContextLoaderUtils -- Could not detect default configuration classes for test class [htw.webtech.habit_tracker.HabitControllerTest]: HabitControllerTest does not declare any static, non-private, non-final, nested classes annotated with @Configuration.
13:30:40.006 [Test worker] INFO org.springframework.boot.test.context.SpringBootTestContextBootstrapper -- Found @SpringBootConfiguration htw.webtech.habit_tracker.HabitTrackerApplication for test class htw.webtech.habit_tracker.HabitControllerTest

  .   ____          _            __ _ _
 /\\ / ___'_ __ _ _(_)_ __  __ _ \ \ \ \
( ( )\___ | '_ | '_| | '_ \/ _` | \ \ \ \
 \\/  ___)| |_)| | | | | || (_| |  ) ) ) )
  '  |____| .__|_| |_|_| |_\__, | / / / /
 =========|_|==============|___/=/_/_/_/

 :: Spring Boot ::                (v3.5.6)

2025-12-25T13:30:40.608+01:00  INFO 80876 --- [    Test worker] h.w.habit_tracker.HabitControllerTest    : Starting HabitControllerTest using Java 21.0.6 with PID 80876 (started by yunusschultze in /Users/yunusschultze/Desktop/habit-tracker-backend)
2025-12-25T13:30:40.613+01:00  INFO 80876 --- [    Test worker] h.w.habit_tracker.HabitControllerTest    : No active profile set, falling back to 1 default profile: "default"
2025-12-25T13:30:41.686+01:00  INFO 80876 --- [    Test worker] .s.d.r.c.RepositoryConfigurationDelegate : Bootstrapping Spring Data JPA repositories in DEFAULT mode.
2025-12-25T13:30:41.772+01:00  INFO 80876 --- [    Test worker] .s.d.r.c.RepositoryConfigurationDelegate : Finished Spring Data repository scanning in 64 ms. Found 2 JPA repository interfaces.
2025-12-25T13:30:42.533+01:00  INFO 80876 --- [    Test worker] o.hibernate.jpa.internal.util.LogHelper  : HHH000204: Processing PersistenceUnitInfo [name: default]
2025-12-25T13:30:42.597+01:00  INFO 80876 --- [    Test worker] org.hibernate.Version                    : HHH000412: Hibernate ORM core version 6.6.29.Final
2025-12-25T13:30:42.672+01:00  INFO 80876 --- [    Test worker] o.h.c.internal.RegionFactoryInitiator    : HHH000026: Second-level cache disabled
2025-12-25T13:30:42.944+01:00  INFO 80876 --- [    Test worker] o.s.o.j.p.SpringPersistenceUnitInfo      : No LoadTimeWeaver setup: ignoring JPA class transformer
2025-12-25T13:30:42.978+01:00  INFO 80876 --- [    Test worker] com.zaxxer.hikari.HikariDataSource       : HikariPool-1 - Starting...
2025-12-25T13:30:43.172+01:00  INFO 80876 --- [    Test worker] com.zaxxer.hikari.pool.HikariPool        : HikariPool-1 - Added connection conn0: url=jdbc:h2:mem:testdb user=SA
2025-12-25T13:30:43.173+01:00  INFO 80876 --- [    Test worker] com.zaxxer.hikari.HikariDataSource       : HikariPool-1 - Start completed.
2025-12-25T13:30:43.199+01:00  WARN 80876 --- [    Test worker] org.hibernate.orm.deprecation            : HHH90000025: H2Dialect does not need to be specified explicitly using 'hibernate.dialect' (remove the property setting and it will be selected by default)
2025-12-25T13:30:43.229+01:00  INFO 80876 --- [    Test worker] org.hibernate.orm.connections.pooling    : HHH10001005: Database info:
	Database JDBC URL [Connecting through datasource 'HikariDataSource (HikariPool-1)']
	Database driver: undefined/unknown
	Database version: 2.3.232
	Autocommit mode: undefined/unknown
	Isolation level: undefined/unknown
	Minimum pool size: undefined/unknown
	Maximum pool size: undefined/unknown
2025-12-25T13:30:44.111+01:00  INFO 80876 --- [    Test worker] o.h.e.t.j.p.i.JtaPlatformInitiator       : HHH000489: No JTA platform available (set 'hibernate.transaction.jta.platform' to enable JTA platform integration)
2025-12-25T13:30:44.206+01:00  INFO 80876 --- [    Test worker] j.LocalContainerEntityManagerFactoryBean : Initialized JPA EntityManagerFactory for persistence unit 'default'
2025-12-25T13:30:44.865+01:00  WARN 80876 --- [    Test worker] JpaBaseConfiguration$JpaWebConfiguration : spring.jpa.open-in-view is enabled by default. Therefore, database queries may be performed during view rendering. Explicitly configure spring.jpa.open-in-view to disable this warning
2025-12-25T13:30:45.210+01:00  WARN 80876 --- [    Test worker] ion$DefaultTemplateResolverConfiguration : Cannot find template location: classpath:/templates/ (please add some templates, check your Thymeleaf configuration, or set spring.thymeleaf.check-template-location=false)
2025-12-25T13:30:45.360+01:00  INFO 80876 --- [    Test worker] o.s.b.t.m.w.SpringBootMockServletContext : Initializing Spring TestDispatcherServlet ''
2025-12-25T13:30:45.360+01:00  INFO 80876 --- [    Test worker] o.s.t.web.servlet.TestDispatcherServlet  : Initializing Servlet ''
2025-12-25T13:30:45.361+01:00  INFO 80876 --- [    Test worker] o.s.t.web.servlet.TestDispatcherServlet  : Completed initialization in 1 ms
2025-12-25T13:30:45.404+01:00  INFO 80876 --- [    Test worker] h.w.habit_tracker.HabitControllerTest    : Started HabitControllerTest in 5.179 seconds (process running for 6.574)
]]></system-out>
  <system-err><![CDATA[Mockito is currently self-attaching to enable the inline-mock-maker. This will no longer work in future releases of the JDK. Please add Mockito as an agent to your build as described in Mockito's documentation: https://javadoc.io/doc/org.mockito/mockito-core/latest/org.mockito/org/mockito/Mockito.html#0.3
WARNING: A Java agent has been loaded dynamically (/Users/yunusschultze/.gradle/caches/modules-2/files-2.1/net.bytebuddy/byte-buddy-agent/1.17.7/fbf3d6d649ed37fc9e9c59480a05be0a26e3c2da/byte-buddy-agent-1.17.7.jar)
WARNING: If a serviceability tool is in use, please run with -XX:+EnableDynamicAgentLoading to hide this warning
WARNING: If a serviceability tool is not in use, please run with -Djdk.instrument.traceUsage for more information
WARNING: Dynamic loading of agents will be disallowed by default in a future release
]]></system-err>
</testsuite>
