<?xml version="1.0" encoding="UTF-8"?>
<testsuite name="htw.webtech.habit_tracker.HabitTrackerApplicationTests" tests="1" skipped="0" failures="0" errors="0" timestamp="2025-12-25T12:30:48.482Z" hostname="MacBookPro" time="0.001">
  <properties/>
  <testcase name="contextLoads()" classname="htw.webtech.habit_tracker.HabitTrackerApplicationTests" time="0.001"/>
  <system-out><![CDATA[2025-12-25T13:30:48.124+01:00  INFO 80876 --- [    Test worker] t.c.s.AnnotationConfigContextLoaderUtils : Could not detect default configuration classes for test class [htw.webtech.habit_tracker.HabitTrackerApplicationTests]: HabitTrackerApplicationTests does not declare any static, non-private, non-final, nested classes annotated with @Configuration.
2025-12-25T13:30:48.125+01:00  INFO 80876 --- [    Test worker] .b.t.c.SpringBootTestContextBootstrapper : Found @SpringBootConfiguration htw.webtech.habit_tracker.HabitTrackerApplication for test class htw.webtech.habit_tracker.HabitTrackerApplicationTests

  .   ____          _            __ _ _
 /\\ / ___'_ __ _ _(_)_ __  __ _ \ \ \ \
( ( )\___ | '_ | '_| | '_ \/ _` | \ \ \ \
 \\/  ___)| |_)| | | | | || (_| |  ) ) ) )
  '  |____| .__|_| |_|_| |_\__, | / / / /
 =========|_|==============|___/=/_/_/_/

 :: Spring Boot ::                (v3.5.6)

2025-12-25T13:30:48.136+01:00  INFO 80876 --- [    Test worker] h.w.h.HabitTrackerApplicationTests       : Starting HabitTrackerApplicationTests using Java 21.0.6 with PID 80876 (started by yunusschultze in /Users/yunusschultze/Desktop/habit-tracker-backend)
2025-12-25T13:30:48.139+01:00  INFO 80876 --- [    Test worker] h.w.h.HabitTrackerApplicationTests       : No active profile set, falling back to 1 default profile: "default"
2025-12-25T13:30:48.254+01:00  INFO 80876 --- [    Test worker] .s.d.r.c.RepositoryConfigurationDelegate : Bootstrapping Spring Data JPA repositories in DEFAULT mode.
2025-12-25T13:30:48.260+01:00  INFO 80876 --- [    Test worker] .s.d.r.c.RepositoryConfigurationDelegate : Finished Spring Data repository scanning in 5 ms. Found 2 JPA repository interfaces.
2025-12-25T13:30:48.312+01:00  INFO 80876 --- [    Test worker] o.hibernate.jpa.internal.util.LogHelper  : HHH000204: Processing PersistenceUnitInfo [name: default]
2025-12-25T13:30:48.313+01:00  INFO 80876 --- [    Test worker] o.h.c.internal.RegionFactoryInitiator    : HHH000026: Second-level cache disabled
2025-12-25T13:30:48.318+01:00  INFO 80876 --- [    Test worker] o.s.o.j.p.SpringPersistenceUnitInfo      : No LoadTimeWeaver setup: ignoring JPA class transformer
2025-12-25T13:30:48.319+01:00  INFO 80876 --- [    Test worker] com.zaxxer.hikari.HikariDataSource       : HikariPool-2 - Starting...
2025-12-25T13:30:48.322+01:00  INFO 80876 --- [    Test worker] com.zaxxer.hikari.pool.HikariPool        : HikariPool-2 - Added connection conn22: url=jdbc:h2:mem:testdb user=SA
2025-12-25T13:30:48.323+01:00  INFO 80876 --- [    Test worker] com.zaxxer.hikari.HikariDataSource       : HikariPool-2 - Start completed.
2025-12-25T13:30:48.323+01:00  WARN 80876 --- [    Test worker] org.hibernate.orm.deprecation            : HHH90000025: H2Dialect does not need to be specified explicitly using 'hibernate.dialect' (remove the property setting and it will be selected by default)
2025-12-25T13:30:48.323+01:00  INFO 80876 --- [    Test worker] org.hibernate.orm.connections.pooling    : HHH10001005: Database info:
	Database JDBC URL [Connecting through datasource 'HikariDataSource (HikariPool-2)']
	Database driver: undefined/unknown
	Database version: 2.3.232
	Autocommit mode: undefined/unknown
	Isolation level: undefined/unknown
	Minimum pool size: undefined/unknown
	Maximum pool size: undefined/unknown
2025-12-25T13:30:48.348+01:00  INFO 80876 --- [    Test worker] o.h.e.t.j.p.i.JtaPlatformInitiator       : HHH000489: No JTA platform available (set 'hibernate.transaction.jta.platform' to enable JTA platform integration)
2025-12-25T13:30:48.353+01:00  INFO 80876 --- [    Test worker] j.LocalContainerEntityManagerFactoryBean : Initialized JPA EntityManagerFactory for persistence unit 'default'
2025-12-25T13:30:48.397+01:00  WARN 80876 --- [    Test worker] JpaBaseConfiguration$JpaWebConfiguration : spring.jpa.open-in-view is enabled by default. Therefore, database queries may be performed during view rendering. Explicitly configure spring.jpa.open-in-view to disable this warning
2025-12-25T13:30:48.457+01:00  WARN 80876 --- [    Test worker] ion$DefaultTemplateResolverConfiguration : Cannot find template location: classpath:/templates/ (please add some templates, check your Thymeleaf configuration, or set spring.thymeleaf.check-template-location=false)
2025-12-25T13:30:48.481+01:00  INFO 80876 --- [    Test worker] h.w.h.HabitTrackerApplicationTests       : Started HabitTrackerApplicationTests in 0.354 seconds (process running for 9.651)
]]></system-out>
  <system-err><![CDATA[]]></system-err>
</testsuite>
